d:\files\jm_code_8.6\jmpro\jmpro\jm8.6final\jm\ldecod\debug\ldecod.bsc
d:\files\jm_code_8.6\jmpro\jmpro\jm8.6final\jm\ldecod\debug\vc120.pdb
d:\files\jm_code_8.6\jmpro\jmpro\jm8.6final\jm\bin\annexb.sbr
d:\files\jm_code_8.6\jmpro\jmpro\jm8.6final\jm\bin\biaridecod.sbr
d:\files\jm_code_8.6\jmpro\jmpro\jm8.6final\jm\bin\block.sbr
d:\files\jm_code_8.6\jmpro\jmpro\jm8.6final\jm\bin\cabac.sbr
d:\files\jm_code_8.6\jmpro\jmpro\jm8.6final\jm\bin\context_ini.sbr
d:\files\jm_code_8.6\jmpro\jmpro\jm8.6final\jm\bin\erc_api.sbr
d:\files\jm_code_8.6\jmpro\jmpro\jm8.6final\jm\bin\erc_do_i.sbr
d:\files\jm_code_8.6\jmpro\jmpro\jm8.6final\jm\bin\erc_do_p.sbr
d:\files\jm_code_8.6\jmpro\jmpro\jm8.6final\jm\bin\errorconcealment.sbr
d:\files\jm_code_8.6\jmpro\jmpro\jm8.6final\jm\bin\filehandle.sbr
d:\files\jm_code_8.6\jmpro\jmpro\jm8.6final\jm\bin\fmo.sbr
d:\files\jm_code_8.6\jmpro\jmpro\jm8.6final\jm\bin\header.sbr
d:\files\jm_code_8.6\jmpro\jmpro\jm8.6final\jm\bin\image.sbr
d:\files\jm_code_8.6\jmpro\jmpro\jm8.6final\jm\bin\ldecod.sbr
d:\files\jm_code_8.6\jmpro\jmpro\jm8.6final\jm\bin\leaky_bucket.sbr
d:\files\jm_code_8.6\jmpro\jmpro\jm8.6final\jm\bin\loopfilter.sbr
d:\files\jm_code_8.6\jmpro\jmpro\jm8.6final\jm\bin\macroblock.sbr
d:\files\jm_code_8.6\jmpro\jmpro\jm8.6final\jm\bin\mbuffer.sbr
d:\files\jm_code_8.6\jmpro\jmpro\jm8.6final\jm\bin\mb_access.sbr
d:\files\jm_code_8.6\jmpro\jmpro\jm8.6final\jm\bin\memalloc.sbr
d:\files\jm_code_8.6\jmpro\jmpro\jm8.6final\jm\ldecod\debug\memalloc.obj
d:\files\jm_code_8.6\jmpro\jmpro\jm8.6final\jm\ldecod\debug\mb_access.obj
d:\files\jm_code_8.6\jmpro\jmpro\jm8.6final\jm\ldecod\debug\mbuffer.obj
d:\files\jm_code_8.6\jmpro\jmpro\jm8.6final\jm\ldecod\debug\macroblock.obj
d:\files\jm_code_8.6\jmpro\jmpro\jm8.6final\jm\ldecod\debug\loopfilter.obj
d:\files\jm_code_8.6\jmpro\jmpro\jm8.6final\jm\ldecod\debug\leaky_bucket.obj
d:\files\jm_code_8.6\jmpro\jmpro\jm8.6final\jm\ldecod\debug\ldecod.obj
d:\files\jm_code_8.6\jmpro\jmpro\jm8.6final\jm\ldecod\debug\image.obj
d:\files\jm_code_8.6\jmpro\jmpro\jm8.6final\jm\ldecod\debug\header.obj
d:\files\jm_code_8.6\jmpro\jmpro\jm8.6final\jm\ldecod\debug\fmo.obj
d:\files\jm_code_8.6\jmpro\jmpro\jm8.6final\jm\ldecod\debug\filehandle.obj
d:\files\jm_code_8.6\jmpro\jmpro\jm8.6final\jm\ldecod\debug\errorconcealment.obj
d:\files\jm_code_8.6\jmpro\jmpro\jm8.6final\jm\ldecod\debug\erc_do_p.obj
d:\files\jm_code_8.6\jmpro\jmpro\jm8.6final\jm\ldecod\debug\erc_do_i.obj
d:\files\jm_code_8.6\jmpro\jmpro\jm8.6final\jm\ldecod\debug\erc_api.obj
d:\files\jm_code_8.6\jmpro\jmpro\jm8.6final\jm\ldecod\debug\context_ini.obj
d:\files\jm_code_8.6\jmpro\jmpro\jm8.6final\jm\ldecod\debug\cabac.obj
d:\files\jm_code_8.6\jmpro\jmpro\jm8.6final\jm\ldecod\debug\block.obj
d:\files\jm_code_8.6\jmpro\jmpro\jm8.6final\jm\ldecod\debug\biaridecod.obj
d:\files\jm_code_8.6\jmpro\jmpro\jm8.6final\jm\ldecod\debug\annexb.obj
d:\files\jm_code_8.6\jmpro\jmpro\jm8.6final\jm\bin\nal.sbr
d:\files\jm_code_8.6\jmpro\jmpro\jm8.6final\jm\bin\nalu.sbr
d:\files\jm_code_8.6\jmpro\jmpro\jm8.6final\jm\bin\nalucommon.sbr
d:\files\jm_code_8.6\jmpro\jmpro\jm8.6final\jm\bin\nal_part.sbr
d:\files\jm_code_8.6\jmpro\jmpro\jm8.6final\jm\bin\output.sbr
d:\files\jm_code_8.6\jmpro\jmpro\jm8.6final\jm\bin\parset.sbr
d:\files\jm_code_8.6\jmpro\jmpro\jm8.6final\jm\bin\parsetcommon.sbr
d:\files\jm_code_8.6\jmpro\jmpro\jm8.6final\jm\bin\rtp.sbr
d:\files\jm_code_8.6\jmpro\jmpro\jm8.6final\jm\bin\sei.sbr
d:\files\jm_code_8.6\jmpro\jmpro\jm8.6final\jm\bin\vlc.sbr
d:\files\jm_code_8.6\jmpro\jmpro\jm8.6final\jm\ldecod\debug\vlc.obj
d:\files\jm_code_8.6\jmpro\jmpro\jm8.6final\jm\ldecod\debug\sei.obj
d:\files\jm_code_8.6\jmpro\jmpro\jm8.6final\jm\ldecod\debug\rtp.obj
d:\files\jm_code_8.6\jmpro\jmpro\jm8.6final\jm\ldecod\debug\parsetcommon.obj
d:\files\jm_code_8.6\jmpro\jmpro\jm8.6final\jm\ldecod\debug\parset.obj
d:\files\jm_code_8.6\jmpro\jmpro\jm8.6final\jm\ldecod\debug\output.obj
d:\files\jm_code_8.6\jmpro\jmpro\jm8.6final\jm\ldecod\debug\nal_part.obj
d:\files\jm_code_8.6\jmpro\jmpro\jm8.6final\jm\ldecod\debug\nalucommon.obj
d:\files\jm_code_8.6\jmpro\jmpro\jm8.6final\jm\ldecod\debug\nalu.obj
d:\files\jm_code_8.6\jmpro\jmpro\jm8.6final\jm\ldecod\debug\nal.obj
d:\files\jm_code_8.6\jmpro\jmpro\jm8.6final\jm\bin\ldecod.ilk
d:\files\jm_code_8.6\jmpro\jmpro\jm8.6final\jm\bin\lencod.ilk
d:\files\jm_code_8.6\jmpro\jmpro\jm8.6final\jm\bin\biariencode.sbr
d:\files\jm_code_8.6\jmpro\jmpro\jm8.6final\jm\bin\configfile.sbr
d:\files\jm_code_8.6\jmpro\jmpro\jm8.6final\jm\bin\decoder.sbr
d:\files\jm_code_8.6\jmpro\jmpro\jm8.6final\jm\bin\fast_me.sbr
d:\files\jm_code_8.6\jmpro\jmpro\jm8.6final\jm\bin\intrarefresh.sbr
d:\files\jm_code_8.6\jmpro\jmpro\jm8.6final\jm\bin\lencod.sbr
d:\files\jm_code_8.6\jmpro\jmpro\jm8.6final\jm\bin\mv-search.sbr
d:\files\jm_code_8.6\jmpro\jmpro\jm8.6final\jm\bin\ratectl.sbr
d:\files\jm_code_8.6\jmpro\jmpro\jm8.6final\jm\bin\rdopt.sbr
d:\files\jm_code_8.6\jmpro\jmpro\jm8.6final\jm\bin\rdopt_coding_state.sbr
d:\files\jm_code_8.6\jmpro\jmpro\jm8.6final\jm\bin\refbuf.sbr
d:\files\jm_code_8.6\jmpro\jmpro\jm8.6final\jm\bin\slice.sbr
d:\files\jm_code_8.6\jmpro\jmpro\jm8.6final\jm\bin\weighted_prediction.sbr
d:\files\jm_code_8.6\jmpro\jmpro\jm8.6final\jm\.\bin\ldecod.exe
d:\files\jm_code_8.6\jmpro\jmpro\jm8.6final\jm\bin\ldecod.tlog\bscmake.command.1.tlog
d:\files\jm_code_8.6\jmpro\jmpro\jm8.6final\jm\bin\ldecod.tlog\bscmake.read.1.tlog
d:\files\jm_code_8.6\jmpro\jmpro\jm8.6final\jm\bin\ldecod.tlog\bscmake.write.1.tlog
d:\files\jm_code_8.6\jmpro\jmpro\jm8.6final\jm\bin\ldecod.tlog\cl.command.1.tlog
d:\files\jm_code_8.6\jmpro\jmpro\jm8.6final\jm\bin\ldecod.tlog\cl.read.1.tlog
d:\files\jm_code_8.6\jmpro\jmpro\jm8.6final\jm\bin\ldecod.tlog\cl.write.1.tlog
d:\files\jm_code_8.6\jmpro\jmpro\jm8.6final\jm\bin\ldecod.tlog\link.command.1.tlog
d:\files\jm_code_8.6\jmpro\jmpro\jm8.6final\jm\bin\ldecod.tlog\link.read.1.tlog
d:\files\jm_code_8.6\jmpro\jmpro\jm8.6final\jm\bin\ldecod.tlog\link.write.1.tlog
