d:\files\jm_code_8.6\jmpro\jmpro\jm8.6final\jm\lencod\debug\lencod.bsc
d:\files\jm_code_8.6\jmpro\jmpro\jm8.6final\jm\lencod\debug\vc120.pdb
d:\files\jm_code_8.6\jmpro\jmpro\jm8.6final\jm\lencod\debug\vc120.idb
d:\files\jm_code_8.6\jmpro\jmpro\jm8.6final\jm\bin\image.sbr
d:\files\jm_code_8.6\jmpro\jmpro\jm8.6final\jm\bin\slice.sbr
d:\files\jm_code_8.6\jmpro\jmpro\jm8.6final\jm\lencod\debug\slice.obj
d:\files\jm_code_8.6\jmpro\jmpro\jm8.6final\jm\lencod\debug\image.obj
d:\files\jm_code_8.6\jmpro\jmpro\jm8.6final\jm\bin\annexb.sbr
d:\files\jm_code_8.6\jmpro\jmpro\jm8.6final\jm\bin\biariencode.sbr
d:\files\jm_code_8.6\jmpro\jmpro\jm8.6final\jm\bin\block.sbr
d:\files\jm_code_8.6\jmpro\jmpro\jm8.6final\jm\bin\cabac.sbr
d:\files\jm_code_8.6\jmpro\jmpro\jm8.6final\jm\bin\configfile.sbr
d:\files\jm_code_8.6\jmpro\jmpro\jm8.6final\jm\bin\context_ini.sbr
d:\files\jm_code_8.6\jmpro\jmpro\jm8.6final\jm\bin\decoder.sbr
d:\files\jm_code_8.6\jmpro\jmpro\jm8.6final\jm\bin\fast_me.sbr
d:\files\jm_code_8.6\jmpro\jmpro\jm8.6final\jm\bin\filehandle.sbr
d:\files\jm_code_8.6\jmpro\jmpro\jm8.6final\jm\bin\fmo.sbr
d:\files\jm_code_8.6\jmpro\jmpro\jm8.6final\jm\bin\header.sbr
d:\files\jm_code_8.6\jmpro\jmpro\jm8.6final\jm\bin\intrarefresh.sbr
d:\files\jm_code_8.6\jmpro\jmpro\jm8.6final\jm\bin\leaky_bucket.sbr
d:\files\jm_code_8.6\jmpro\jmpro\jm8.6final\jm\bin\lencod.sbr
d:\files\jm_code_8.6\jmpro\jmpro\jm8.6final\jm\bin\loopfilter.sbr
d:\files\jm_code_8.6\jmpro\jmpro\jm8.6final\jm\bin\macroblock.sbr
d:\files\jm_code_8.6\jmpro\jmpro\jm8.6final\jm\bin\mb_access.sbr
d:\files\jm_code_8.6\jmpro\jmpro\jm8.6final\jm\bin\mbuffer.sbr
d:\files\jm_code_8.6\jmpro\jmpro\jm8.6final\jm\bin\memalloc.sbr
d:\files\jm_code_8.6\jmpro\jmpro\jm8.6final\jm\lencod\debug\memalloc.obj
d:\files\jm_code_8.6\jmpro\jmpro\jm8.6final\jm\lencod\debug\mbuffer.obj
d:\files\jm_code_8.6\jmpro\jmpro\jm8.6final\jm\lencod\debug\mb_access.obj
d:\files\jm_code_8.6\jmpro\jmpro\jm8.6final\jm\lencod\debug\macroblock.obj
d:\files\jm_code_8.6\jmpro\jmpro\jm8.6final\jm\lencod\debug\loopfilter.obj
d:\files\jm_code_8.6\jmpro\jmpro\jm8.6final\jm\lencod\debug\lencod.obj
d:\files\jm_code_8.6\jmpro\jmpro\jm8.6final\jm\lencod\debug\leaky_bucket.obj
d:\files\jm_code_8.6\jmpro\jmpro\jm8.6final\jm\lencod\debug\intrarefresh.obj
d:\files\jm_code_8.6\jmpro\jmpro\jm8.6final\jm\lencod\debug\header.obj
d:\files\jm_code_8.6\jmpro\jmpro\jm8.6final\jm\lencod\debug\fmo.obj
d:\files\jm_code_8.6\jmpro\jmpro\jm8.6final\jm\lencod\debug\filehandle.obj
d:\files\jm_code_8.6\jmpro\jmpro\jm8.6final\jm\lencod\debug\fast_me.obj
d:\files\jm_code_8.6\jmpro\jmpro\jm8.6final\jm\lencod\debug\decoder.obj
d:\files\jm_code_8.6\jmpro\jmpro\jm8.6final\jm\lencod\debug\context_ini.obj
d:\files\jm_code_8.6\jmpro\jmpro\jm8.6final\jm\lencod\debug\configfile.obj
d:\files\jm_code_8.6\jmpro\jmpro\jm8.6final\jm\lencod\debug\cabac.obj
d:\files\jm_code_8.6\jmpro\jmpro\jm8.6final\jm\lencod\debug\block.obj
d:\files\jm_code_8.6\jmpro\jmpro\jm8.6final\jm\lencod\debug\biariencode.obj
d:\files\jm_code_8.6\jmpro\jmpro\jm8.6final\jm\lencod\debug\annexb.obj
d:\files\jm_code_8.6\jmpro\jmpro\jm8.6final\jm\bin\mv-search.sbr
d:\files\jm_code_8.6\jmpro\jmpro\jm8.6final\jm\bin\nal.sbr
d:\files\jm_code_8.6\jmpro\jmpro\jm8.6final\jm\bin\nalu.sbr
d:\files\jm_code_8.6\jmpro\jmpro\jm8.6final\jm\bin\nalucommon.sbr
d:\files\jm_code_8.6\jmpro\jmpro\jm8.6final\jm\bin\output.sbr
d:\files\jm_code_8.6\jmpro\jmpro\jm8.6final\jm\bin\parset.sbr
d:\files\jm_code_8.6\jmpro\jmpro\jm8.6final\jm\bin\parsetcommon.sbr
d:\files\jm_code_8.6\jmpro\jmpro\jm8.6final\jm\bin\ratectl.sbr
d:\files\jm_code_8.6\jmpro\jmpro\jm8.6final\jm\bin\rdopt.sbr
d:\files\jm_code_8.6\jmpro\jmpro\jm8.6final\jm\bin\rdopt_coding_state.sbr
d:\files\jm_code_8.6\jmpro\jmpro\jm8.6final\jm\bin\refbuf.sbr
d:\files\jm_code_8.6\jmpro\jmpro\jm8.6final\jm\bin\rtp.sbr
d:\files\jm_code_8.6\jmpro\jmpro\jm8.6final\jm\bin\sei.sbr
d:\files\jm_code_8.6\jmpro\jmpro\jm8.6final\jm\bin\vlc.sbr
d:\files\jm_code_8.6\jmpro\jmpro\jm8.6final\jm\bin\weighted_prediction.sbr
d:\files\jm_code_8.6\jmpro\jmpro\jm8.6final\jm\lencod\debug\weighted_prediction.obj
d:\files\jm_code_8.6\jmpro\jmpro\jm8.6final\jm\lencod\debug\vlc.obj
d:\files\jm_code_8.6\jmpro\jmpro\jm8.6final\jm\lencod\debug\sei.obj
d:\files\jm_code_8.6\jmpro\jmpro\jm8.6final\jm\lencod\debug\rtp.obj
d:\files\jm_code_8.6\jmpro\jmpro\jm8.6final\jm\lencod\debug\refbuf.obj
d:\files\jm_code_8.6\jmpro\jmpro\jm8.6final\jm\lencod\debug\rdopt_coding_state.obj
d:\files\jm_code_8.6\jmpro\jmpro\jm8.6final\jm\lencod\debug\rdopt.obj
d:\files\jm_code_8.6\jmpro\jmpro\jm8.6final\jm\lencod\debug\ratectl.obj
d:\files\jm_code_8.6\jmpro\jmpro\jm8.6final\jm\lencod\debug\parsetcommon.obj
d:\files\jm_code_8.6\jmpro\jmpro\jm8.6final\jm\lencod\debug\parset.obj
d:\files\jm_code_8.6\jmpro\jmpro\jm8.6final\jm\lencod\debug\output.obj
d:\files\jm_code_8.6\jmpro\jmpro\jm8.6final\jm\lencod\debug\nalucommon.obj
d:\files\jm_code_8.6\jmpro\jmpro\jm8.6final\jm\lencod\debug\nalu.obj
d:\files\jm_code_8.6\jmpro\jmpro\jm8.6final\jm\lencod\debug\nal.obj
d:\files\jm_code_8.6\jmpro\jmpro\jm8.6final\jm\lencod\debug\mv-search.obj
d:\files\jm_code_8.6\jmpro\jmpro\jm8.6final\jm\bin\lencod.ilk
d:\files\jm_code_8.6\jmpro\jmpro\jm8.6final\jm\bin\lencod.exe
d:\files\jm_code_8.6\jmpro\jmpro\jm8.6final\jm\lencod\debug\lencod.pdb
d:\files\jm_code_8.6\jmpro\jmpro\jm8.6final\jm\bin\biaridecod.sbr
d:\files\jm_code_8.6\jmpro\jmpro\jm8.6final\jm\.\bin\lencod.exe
d:\files\jm_code_8.6\jmpro\jmpro\jm8.6final\jm\bin\lencod.tlog\bscmake.command.1.tlog
d:\files\jm_code_8.6\jmpro\jmpro\jm8.6final\jm\bin\lencod.tlog\bscmake.read.1.tlog
d:\files\jm_code_8.6\jmpro\jmpro\jm8.6final\jm\bin\lencod.tlog\bscmake.write.1.tlog
d:\files\jm_code_8.6\jmpro\jmpro\jm8.6final\jm\bin\lencod.tlog\cl.command.1.tlog
d:\files\jm_code_8.6\jmpro\jmpro\jm8.6final\jm\bin\lencod.tlog\cl.read.1.tlog
d:\files\jm_code_8.6\jmpro\jmpro\jm8.6final\jm\bin\lencod.tlog\cl.write.1.tlog
d:\files\jm_code_8.6\jmpro\jmpro\jm8.6final\jm\bin\lencod.tlog\link.command.1.tlog
d:\files\jm_code_8.6\jmpro\jmpro\jm8.6final\jm\bin\lencod.tlog\link.read.1.tlog
d:\files\jm_code_8.6\jmpro\jmpro\jm8.6final\jm\bin\lencod.tlog\link.write.1.tlog
